2022-03-29 17:40:46,141- <module> - 35 - root - INFO - start news work
2022-03-29 17:40:49,030- perform_request - 336 - elastic_transport.transport - INFO - POST https://localhost:9200/dailynews/_doc [status:201 duration:0.259s]
2022-03-29 17:40:49,122- perform_request - 336 - elastic_transport.transport - INFO - POST https://localhost:9200/dailynews/_doc [status:201 duration:0.070s]
2022-03-29 17:40:49,214- perform_request - 336 - elastic_transport.transport - INFO - POST https://localhost:9200/dailynews/_doc [status:201 duration:0.073s]
2022-03-29 17:40:49,319- perform_request - 336 - elastic_transport.transport - INFO - POST https://localhost:9200/dailynews/_doc [status:201 duration:0.086s]
2022-03-29 17:40:49,413- perform_request - 336 - elastic_transport.transport - INFO - POST https://localhost:9200/dailynews/_doc [status:201 duration:0.075s]
2022-03-29 17:40:49,602- perform_request - 336 - elastic_transport.transport - INFO - POST https://localhost:9200/dailynews/_doc [status:201 duration:0.135s]
2022-03-29 17:40:49,828- perform_request - 336 - elastic_transport.transport - INFO - POST https://localhost:9200/dailynews/_doc [status:201 duration:0.202s]
2022-03-29 17:40:50,044- perform_request - 336 - elastic_transport.transport - INFO - POST https://localhost:9200/dailynews/_doc [status:201 duration:0.197s]
2022-03-29 17:40:50,153- perform_request - 336 - elastic_transport.transport - INFO - POST https://localhost:9200/dailynews/_doc [status:201 duration:0.086s]
2022-03-29 17:40:50,253- perform_request - 336 - elastic_transport.transport - INFO - POST https://localhost:9200/dailynews/_doc [status:201 duration:0.081s]
2022-03-29 17:40:50,362- perform_request - 336 - elastic_transport.transport - INFO - POST https://localhost:9200/dailynews/_doc [status:201 duration:0.087s]
2022-03-29 17:40:50,470- perform_request - 336 - elastic_transport.transport - INFO - POST https://localhost:9200/dailynews/_doc [status:201 duration:0.085s]
2022-03-29 17:40:50,578- perform_request - 336 - elastic_transport.transport - INFO - POST https://localhost:9200/dailynews/_doc [status:201 duration:0.088s]
2022-03-29 17:40:50,695- perform_request - 336 - elastic_transport.transport - INFO - POST https://localhost:9200/dailynews/_doc [status:201 duration:0.097s]
2022-03-29 17:40:50,820- perform_request - 336 - elastic_transport.transport - INFO - POST https://localhost:9200/dailynews/_doc [status:201 duration:0.104s]
2022-03-29 17:40:50,920- perform_request - 336 - elastic_transport.transport - INFO - POST https://localhost:9200/dailynews/_doc [status:201 duration:0.082s]
2022-03-29 17:40:51,028- perform_request - 336 - elastic_transport.transport - INFO - POST https://localhost:9200/dailynews/_doc [status:201 duration:0.087s]
2022-03-29 17:40:51,147- perform_request - 336 - elastic_transport.transport - INFO - POST https://localhost:9200/dailynews/_doc [status:201 duration:0.101s]
2022-03-29 17:40:51,247- perform_request - 336 - elastic_transport.transport - INFO - POST https://localhost:9200/dailynews/_doc [status:201 duration:0.078s]
2022-03-29 17:40:51,338- perform_request - 336 - elastic_transport.transport - INFO - POST https://localhost:9200/dailynews/_doc [status:201 duration:0.069s]
2022-03-29 17:40:51,429- perform_request - 336 - elastic_transport.transport - INFO - POST https://localhost:9200/dailynews/_doc [status:201 duration:0.072s]
2022-03-29 17:40:51,521- perform_request - 336 - elastic_transport.transport - INFO - POST https://localhost:9200/dailynews/_doc [status:201 duration:0.071s]
2022-03-29 17:40:51,612- perform_request - 336 - elastic_transport.transport - INFO - POST https://localhost:9200/dailynews/_doc [status:201 duration:0.072s]
2022-03-29 17:40:51,704- perform_request - 336 - elastic_transport.transport - INFO - POST https://localhost:9200/dailynews/_doc [status:201 duration:0.074s]
2022-03-29 17:40:51,796- perform_request - 336 - elastic_transport.transport - INFO - POST https://localhost:9200/dailynews/_doc [status:201 duration:0.074s]
2022-03-29 17:40:51,888- perform_request - 336 - elastic_transport.transport - INFO - POST https://localhost:9200/dailynews/_doc [status:201 duration:0.077s]
2022-03-29 17:40:51,979- perform_request - 336 - elastic_transport.transport - INFO - POST https://localhost:9200/dailynews/_doc [status:201 duration:0.072s]
2022-03-29 17:40:52,071- perform_request - 336 - elastic_transport.transport - INFO - POST https://localhost:9200/dailynews/_doc [status:201 duration:0.070s]
2022-03-29 17:40:52,163- perform_request - 336 - elastic_transport.transport - INFO - POST https://localhost:9200/dailynews/_doc [status:201 duration:0.071s]
2022-03-29 17:40:52,264- perform_request - 336 - elastic_transport.transport - INFO - POST https://localhost:9200/dailynews/_doc [status:201 duration:0.082s]
2022-03-29 17:40:52,363- perform_request - 336 - elastic_transport.transport - INFO - POST https://localhost:9200/dailynews/_doc [status:201 duration:0.081s]
2022-03-29 17:40:52,594- perform_request - 336 - elastic_transport.transport - INFO - POST https://localhost:9200/dailynews/_doc [status:201 duration:0.211s]
2022-03-29 17:40:52,778- perform_request - 336 - elastic_transport.transport - INFO - POST https://localhost:9200/dailynews/_doc [status:201 duration:0.164s]
2022-03-29 17:40:52,969- perform_request - 336 - elastic_transport.transport - INFO - POST https://localhost:9200/dailynews/_doc [status:201 duration:0.176s]
2022-03-29 17:40:53,071- perform_request - 336 - elastic_transport.transport - INFO - POST https://localhost:9200/dailynews/_doc [status:201 duration:0.078s]
2022-03-29 17:40:53,162- perform_request - 336 - elastic_transport.transport - INFO - POST https://localhost:9200/dailynews/_doc [status:201 duration:0.073s]
2022-03-29 17:40:53,312- perform_request - 336 - elastic_transport.transport - INFO - POST https://localhost:9200/dailynews/_doc [status:201 duration:0.134s]
2022-03-29 17:40:53,404- perform_request - 336 - elastic_transport.transport - INFO - POST https://localhost:9200/dailynews/_doc [status:201 duration:0.072s]
2022-03-29 17:40:53,497- perform_request - 336 - elastic_transport.transport - INFO - POST https://localhost:9200/dailynews/_doc [status:201 duration:0.071s]
2022-03-29 17:40:53,588- perform_request - 336 - elastic_transport.transport - INFO - POST https://localhost:9200/dailynews/_doc [status:201 duration:0.071s]
2022-03-29 17:40:53,680- perform_request - 336 - elastic_transport.transport - INFO - POST https://localhost:9200/dailynews/_doc [status:201 duration:0.069s]
2022-03-29 17:40:53,771- perform_request - 336 - elastic_transport.transport - INFO - POST https://localhost:9200/dailynews/_doc [status:201 duration:0.070s]
2022-03-29 17:40:53,922- perform_request - 336 - elastic_transport.transport - INFO - POST https://localhost:9200/dailynews/_doc [status:201 duration:0.130s]
2022-03-29 17:40:54,029- perform_request - 336 - elastic_transport.transport - INFO - POST https://localhost:9200/dailynews/_doc [status:201 duration:0.088s]
2022-03-29 17:40:56,122- <module> - 37 - root - INFO - end news work
2022-03-29 17:51:35,711- <module> - 38 - root - INFO - start news work
2022-03-29 17:51:40,952- <module> - 40 - root - INFO - end news work
2022-03-29 17:54:08,327- <module> - 39 - root - INFO - start news work
2022-03-29 17:54:11,647- perform_request - 336 - elastic_transport.transport - INFO - PUT https://localhost:9200/dailynews/_doc/202203291 [status:201 duration:0.272s]
2022-03-29 17:54:11,812- perform_request - 336 - elastic_transport.transport - INFO - PUT https://localhost:9200/dailynews/_doc/2022032912 [status:201 duration:0.145s]
2022-03-29 17:54:11,910- perform_request - 336 - elastic_transport.transport - INFO - PUT https://localhost:9200/dailynews/_doc/20220329123 [status:201 duration:0.081s]
2022-03-29 17:54:12,004- perform_request - 336 - elastic_transport.transport - INFO - PUT https://localhost:9200/dailynews/_doc/202203291234 [status:201 duration:0.074s]
2022-03-29 17:54:12,101- perform_request - 336 - elastic_transport.transport - INFO - PUT https://localhost:9200/dailynews/_doc/2022032912345 [status:201 duration:0.081s]
2022-03-29 17:54:12,200- perform_request - 336 - elastic_transport.transport - INFO - PUT https://localhost:9200/dailynews/_doc/20220329123456 [status:201 duration:0.080s]
2022-03-29 17:54:12,296- perform_request - 336 - elastic_transport.transport - INFO - PUT https://localhost:9200/dailynews/_doc/202203291234567 [status:201 duration:0.078s]
2022-03-29 17:54:12,393- perform_request - 336 - elastic_transport.transport - INFO - PUT https://localhost:9200/dailynews/_doc/2022032912345678 [status:201 duration:0.082s]
2022-03-29 17:54:12,509- perform_request - 336 - elastic_transport.transport - INFO - PUT https://localhost:9200/dailynews/_doc/20220329123456789 [status:201 duration:0.095s]
2022-03-29 17:54:12,603- perform_request - 336 - elastic_transport.transport - INFO - PUT https://localhost:9200/dailynews/_doc/2022032912345678910 [status:201 duration:0.077s]
2022-03-29 17:54:12,702- perform_request - 336 - elastic_transport.transport - INFO - PUT https://localhost:9200/dailynews/_doc/202203291234567891011 [status:201 duration:0.081s]
2022-03-29 17:54:12,795- perform_request - 336 - elastic_transport.transport - INFO - PUT https://localhost:9200/dailynews/_doc/20220329123456789101112 [status:201 duration:0.076s]
2022-03-29 17:54:12,893- perform_request - 336 - elastic_transport.transport - INFO - PUT https://localhost:9200/dailynews/_doc/2022032912345678910111213 [status:201 duration:0.083s]
2022-03-29 17:54:12,986- perform_request - 336 - elastic_transport.transport - INFO - PUT https://localhost:9200/dailynews/_doc/202203291234567891011121314 [status:201 duration:0.076s]
2022-03-29 17:54:13,087- perform_request - 336 - elastic_transport.transport - INFO - PUT https://localhost:9200/dailynews/_doc/20220329123456789101112131415 [status:201 duration:0.084s]
2022-03-29 17:54:13,185- perform_request - 336 - elastic_transport.transport - INFO - PUT https://localhost:9200/dailynews/_doc/2022032912345678910111213141516 [status:201 duration:0.079s]
2022-03-29 17:54:13,276- perform_request - 336 - elastic_transport.transport - INFO - PUT https://localhost:9200/dailynews/_doc/202203291234567891011121314151617 [status:201 duration:0.074s]
2022-03-29 17:54:13,368- perform_request - 336 - elastic_transport.transport - INFO - PUT https://localhost:9200/dailynews/_doc/20220329123456789101112131415161718 [status:201 duration:0.075s]
2022-03-29 17:54:13,459- perform_request - 336 - elastic_transport.transport - INFO - PUT https://localhost:9200/dailynews/_doc/2022032912345678910111213141516171819 [status:201 duration:0.075s]
2022-03-29 17:54:13,629- perform_request - 336 - elastic_transport.transport - INFO - PUT https://localhost:9200/dailynews/_doc/202203291234567891011121314151617181920 [status:201 duration:0.153s]
2022-03-29 17:54:13,829- perform_request - 336 - elastic_transport.transport - INFO - PUT https://localhost:9200/dailynews/_doc/20220329123456789101112131415161718192021 [status:201 duration:0.178s]
2022-03-29 17:54:14,003- perform_request - 336 - elastic_transport.transport - INFO - PUT https://localhost:9200/dailynews/_doc/2022032912345678910111213141516171819202122 [status:201 duration:0.157s]
2022-03-29 17:54:14,095- perform_request - 336 - elastic_transport.transport - INFO - PUT https://localhost:9200/dailynews/_doc/202203291234567891011121314151617181920212223 [status:201 duration:0.074s]
2022-03-29 17:54:14,201- perform_request - 336 - elastic_transport.transport - INFO - PUT https://localhost:9200/dailynews/_doc/20220329123456789101112131415161718192021222324 [status:201 duration:0.089s]
2022-03-29 17:54:14,302- perform_request - 336 - elastic_transport.transport - INFO - PUT https://localhost:9200/dailynews/_doc/2022032912345678910111213141516171819202122232425 [status:201 duration:0.084s]
2022-03-29 17:54:14,387- perform_request - 336 - elastic_transport.transport - INFO - PUT https://localhost:9200/dailynews/_doc/202203291234567891011121314151617181920212223242526 [status:201 duration:0.068s]
2022-03-29 17:54:14,510- perform_request - 336 - elastic_transport.transport - INFO - PUT https://localhost:9200/dailynews/_doc/20220329123456789101112131415161718192021222324252627 [status:201 duration:0.102s]
2022-03-29 17:54:14,595- perform_request - 336 - elastic_transport.transport - INFO - PUT https://localhost:9200/dailynews/_doc/2022032912345678910111213141516171819202122232425262728 [status:201 duration:0.069s]
2022-03-29 17:54:14,745- perform_request - 336 - elastic_transport.transport - INFO - PUT https://localhost:9200/dailynews/_doc/202203291234567891011121314151617181920212223242526272829 [status:201 duration:0.134s]
2022-03-29 17:54:14,846- perform_request - 336 - elastic_transport.transport - INFO - PUT https://localhost:9200/dailynews/_doc/20220329123456789101112131415161718192021222324252627282930 [status:201 duration:0.086s]
2022-03-29 17:54:14,945- perform_request - 336 - elastic_transport.transport - INFO - PUT https://localhost:9200/dailynews/_doc/2022032912345678910111213141516171819202122232425262728293031 [status:201 duration:0.079s]
2022-03-29 17:54:15,043- perform_request - 336 - elastic_transport.transport - INFO - PUT https://localhost:9200/dailynews/_doc/202203291234567891011121314151617181920212223242526272829303132 [status:201 duration:0.076s]
2022-03-29 17:54:15,137- perform_request - 336 - elastic_transport.transport - INFO - PUT https://localhost:9200/dailynews/_doc/20220329123456789101112131415161718192021222324252627282930313233 [status:201 duration:0.077s]
2022-03-29 17:54:15,234- perform_request - 336 - elastic_transport.transport - INFO - PUT https://localhost:9200/dailynews/_doc/2022032912345678910111213141516171819202122232425262728293031323334 [status:201 duration:0.081s]
2022-03-29 17:54:15,329- perform_request - 336 - elastic_transport.transport - INFO - PUT https://localhost:9200/dailynews/_doc/202203291234567891011121314151617181920212223242526272829303132333435 [status:201 duration:0.075s]
2022-03-29 17:54:15,476- perform_request - 336 - elastic_transport.transport - INFO - PUT https://localhost:9200/dailynews/_doc/20220329123456789101112131415161718192021222324252627282930313233343536 [status:201 duration:0.128s]
2022-03-29 17:54:15,620- perform_request - 336 - elastic_transport.transport - INFO - PUT https://localhost:9200/dailynews/_doc/2022032912345678910111213141516171819202122232425262728293031323334353637 [status:201 duration:0.127s]
2022-03-29 17:54:15,787- perform_request - 336 - elastic_transport.transport - INFO - PUT https://localhost:9200/dailynews/_doc/202203291234567891011121314151617181920212223242526272829303132333435363738 [status:201 duration:0.151s]
2022-03-29 17:54:15,934- perform_request - 336 - elastic_transport.transport - INFO - PUT https://localhost:9200/dailynews/_doc/20220329123456789101112131415161718192021222324252627282930313233343536373839 [status:201 duration:0.125s]
2022-03-29 17:54:16,087- perform_request - 336 - elastic_transport.transport - INFO - PUT https://localhost:9200/dailynews/_doc/2022032912345678910111213141516171819202122232425262728293031323334353637383940 [status:201 duration:0.130s]
2022-03-29 17:54:16,226- perform_request - 336 - elastic_transport.transport - INFO - PUT https://localhost:9200/dailynews/_doc/202203291234567891011121314151617181920212223242526272829303132333435363738394041 [status:201 duration:0.123s]
2022-03-29 17:54:16,379- perform_request - 336 - elastic_transport.transport - INFO - PUT https://localhost:9200/dailynews/_doc/20220329123456789101112131415161718192021222324252627282930313233343536373839404142 [status:201 duration:0.131s]
2022-03-29 17:54:16,568- perform_request - 336 - elastic_transport.transport - INFO - PUT https://localhost:9200/dailynews/_doc/2022032912345678910111213141516171819202122232425262728293031323334353637383940414243 [status:201 duration:0.169s]
2022-03-29 17:54:16,737- perform_request - 336 - elastic_transport.transport - INFO - PUT https://localhost:9200/dailynews/_doc/202203291234567891011121314151617181920212223242526272829303132333435363738394041424344 [status:201 duration:0.147s]
2022-03-29 17:54:18,778- <module> - 41 - root - INFO - end news work
2022-03-29 17:55:05,479- <module> - 39 - root - INFO - start news work
2022-03-29 17:55:28,507- <module> - 39 - root - INFO - start news work
2022-03-29 17:55:31,295- perform_request - 336 - elastic_transport.transport - INFO - PUT https://localhost:9200/dailynews/_doc/20220329%281%29 [status:201 duration:0.135s]
2022-03-29 17:55:31,388- perform_request - 336 - elastic_transport.transport - INFO - PUT https://localhost:9200/dailynews/_doc/20220329%281%29%282%29 [status:201 duration:0.074s]
2022-03-29 17:55:31,508- perform_request - 336 - elastic_transport.transport - INFO - PUT https://localhost:9200/dailynews/_doc/20220329%281%29%282%29%283%29 [status:201 duration:0.097s]
2022-03-29 17:55:31,674- perform_request - 336 - elastic_transport.transport - INFO - PUT https://localhost:9200/dailynews/_doc/20220329%281%29%282%29%283%29%284%29 [status:201 duration:0.144s]
2022-03-29 17:55:31,782- perform_request - 336 - elastic_transport.transport - INFO - PUT https://localhost:9200/dailynews/_doc/20220329%281%29%282%29%283%29%284%29%285%29 [status:201 duration:0.091s]
2022-03-29 17:55:31,887- perform_request - 336 - elastic_transport.transport - INFO - PUT https://localhost:9200/dailynews/_doc/20220329%281%29%282%29%283%29%284%29%285%29%286%29 [status:201 duration:0.089s]
2022-03-29 17:55:31,995- perform_request - 336 - elastic_transport.transport - INFO - PUT https://localhost:9200/dailynews/_doc/20220329%281%29%282%29%283%29%284%29%285%29%286%29%287%29 [status:201 duration:0.085s]
2022-03-29 17:55:32,120- perform_request - 336 - elastic_transport.transport - INFO - PUT https://localhost:9200/dailynews/_doc/20220329%281%29%282%29%283%29%284%29%285%29%286%29%287%29%288%29 [status:201 duration:0.107s]
2022-03-29 17:55:32,273- perform_request - 336 - elastic_transport.transport - INFO - PUT https://localhost:9200/dailynews/_doc/20220329%281%29%282%29%283%29%284%29%285%29%286%29%287%29%288%29%289%29 [status:201 duration:0.135s]
2022-03-29 17:55:32,412- perform_request - 336 - elastic_transport.transport - INFO - PUT https://localhost:9200/dailynews/_doc/20220329%281%29%282%29%283%29%284%29%285%29%286%29%287%29%288%29%289%29%2810%29 [status:201 duration:0.123s]
2022-03-29 17:55:32,557- perform_request - 336 - elastic_transport.transport - INFO - PUT https://localhost:9200/dailynews/_doc/20220329%281%29%282%29%283%29%284%29%285%29%286%29%287%29%288%29%289%29%2810%29%2811%29 [status:201 duration:0.129s]
2022-03-29 17:55:32,712- perform_request - 336 - elastic_transport.transport - INFO - PUT https://localhost:9200/dailynews/_doc/20220329%281%29%282%29%283%29%284%29%285%29%286%29%287%29%288%29%289%29%2810%29%2811%29%2812%29 [status:201 duration:0.132s]
2022-03-29 17:55:32,857- perform_request - 336 - elastic_transport.transport - INFO - PUT https://localhost:9200/dailynews/_doc/20220329%281%29%282%29%283%29%284%29%285%29%286%29%287%29%288%29%289%29%2810%29%2811%29%2812%29%2813%29 [status:201 duration:0.125s]
2022-03-29 17:55:33,004- perform_request - 336 - elastic_transport.transport - INFO - PUT https://localhost:9200/dailynews/_doc/20220329%281%29%282%29%283%29%284%29%285%29%286%29%287%29%288%29%289%29%2810%29%2811%29%2812%29%2813%29%2814%29 [status:201 duration:0.124s]
2022-03-29 17:55:33,145- perform_request - 336 - elastic_transport.transport - INFO - PUT https://localhost:9200/dailynews/_doc/20220329%281%29%282%29%283%29%284%29%285%29%286%29%287%29%288%29%289%29%2810%29%2811%29%2812%29%2813%29%2814%29%2815%29 [status:201 duration:0.123s]
2022-03-29 17:55:33,287- perform_request - 336 - elastic_transport.transport - INFO - PUT https://localhost:9200/dailynews/_doc/20220329%281%29%282%29%283%29%284%29%285%29%286%29%287%29%288%29%289%29%2810%29%2811%29%2812%29%2813%29%2814%29%2815%29%2816%29 [status:201 duration:0.118s]
2022-03-29 17:55:33,421- perform_request - 336 - elastic_transport.transport - INFO - PUT https://localhost:9200/dailynews/_doc/20220329%281%29%282%29%283%29%284%29%285%29%286%29%287%29%288%29%289%29%2810%29%2811%29%2812%29%2813%29%2814%29%2815%29%2816%29%2817%29 [status:201 duration:0.115s]
2022-03-29 17:55:33,561- perform_request - 336 - elastic_transport.transport - INFO - PUT https://localhost:9200/dailynews/_doc/20220329%281%29%282%29%283%29%284%29%285%29%286%29%287%29%288%29%289%29%2810%29%2811%29%2812%29%2813%29%2814%29%2815%29%2816%29%2817%29%2818%29 [status:201 duration:0.123s]
2022-03-29 17:55:33,703- perform_request - 336 - elastic_transport.transport - INFO - PUT https://localhost:9200/dailynews/_doc/20220329%281%29%282%29%283%29%284%29%285%29%286%29%287%29%288%29%289%29%2810%29%2811%29%2812%29%2813%29%2814%29%2815%29%2816%29%2817%29%2818%29%2819%29 [status:201 duration:0.124s]
2022-03-29 17:55:33,837- perform_request - 336 - elastic_transport.transport - INFO - PUT https://localhost:9200/dailynews/_doc/20220329%281%29%282%29%283%29%284%29%285%29%286%29%287%29%288%29%289%29%2810%29%2811%29%2812%29%2813%29%2814%29%2815%29%2816%29%2817%29%2818%29%2819%29%2820%29 [status:201 duration:0.113s]
2022-03-29 17:55:33,978- perform_request - 336 - elastic_transport.transport - INFO - PUT https://localhost:9200/dailynews/_doc/20220329%281%29%282%29%283%29%284%29%285%29%286%29%287%29%288%29%289%29%2810%29%2811%29%2812%29%2813%29%2814%29%2815%29%2816%29%2817%29%2818%29%2819%29%2820%29%2821%29 [status:201 duration:0.126s]
2022-03-29 17:55:34,120- perform_request - 336 - elastic_transport.transport - INFO - PUT https://localhost:9200/dailynews/_doc/20220329%281%29%282%29%283%29%284%29%285%29%286%29%287%29%288%29%289%29%2810%29%2811%29%2812%29%2813%29%2814%29%2815%29%2816%29%2817%29%2818%29%2819%29%2820%29%2821%29%2822%29 [status:201 duration:0.121s]
2022-03-29 17:55:34,262- perform_request - 336 - elastic_transport.transport - INFO - PUT https://localhost:9200/dailynews/_doc/20220329%281%29%282%29%283%29%284%29%285%29%286%29%287%29%288%29%289%29%2810%29%2811%29%2812%29%2813%29%2814%29%2815%29%2816%29%2817%29%2818%29%2819%29%2820%29%2821%29%2822%29%2823%29 [status:201 duration:0.123s]
2022-03-29 17:55:34,468- perform_request - 336 - elastic_transport.transport - INFO - PUT https://localhost:9200/dailynews/_doc/20220329%281%29%282%29%283%29%284%29%285%29%286%29%287%29%288%29%289%29%2810%29%2811%29%2812%29%2813%29%2814%29%2815%29%2816%29%2817%29%2818%29%2819%29%2820%29%2821%29%2822%29%2823%29%2824%29 [status:201 duration:0.180s]
2022-03-29 17:55:34,787- perform_request - 336 - elastic_transport.transport - INFO - PUT https://localhost:9200/dailynews/_doc/20220329%281%29%282%29%283%29%284%29%285%29%286%29%287%29%288%29%289%29%2810%29%2811%29%2812%29%2813%29%2814%29%2815%29%2816%29%2817%29%2818%29%2819%29%2820%29%2821%29%2822%29%2823%29%2824%29%2825%29 [status:201 duration:0.298s]
2022-03-29 17:55:35,040- perform_request - 336 - elastic_transport.transport - INFO - PUT https://localhost:9200/dailynews/_doc/20220329%281%29%282%29%283%29%284%29%285%29%286%29%287%29%288%29%289%29%2810%29%2811%29%2812%29%2813%29%2814%29%2815%29%2816%29%2817%29%2818%29%2819%29%2820%29%2821%29%2822%29%2823%29%2824%29%2825%29%2826%29 [status:201 duration:0.237s]
2022-03-29 17:55:35,265- perform_request - 336 - elastic_transport.transport - INFO - PUT https://localhost:9200/dailynews/_doc/20220329%281%29%282%29%283%29%284%29%285%29%286%29%287%29%288%29%289%29%2810%29%2811%29%2812%29%2813%29%2814%29%2815%29%2816%29%2817%29%2818%29%2819%29%2820%29%2821%29%2822%29%2823%29%2824%29%2825%29%2826%29%2827%29 [status:201 duration:0.209s]
2022-03-29 17:55:35,404- perform_request - 336 - elastic_transport.transport - INFO - PUT https://localhost:9200/dailynews/_doc/20220329%281%29%282%29%283%29%284%29%285%29%286%29%287%29%288%29%289%29%2810%29%2811%29%2812%29%2813%29%2814%29%2815%29%2816%29%2817%29%2818%29%2819%29%2820%29%2821%29%2822%29%2823%29%2824%29%2825%29%2826%29%2827%29%2828%29 [status:201 duration:0.120s]
2022-03-29 17:55:35,495- perform_request - 336 - elastic_transport.transport - INFO - PUT https://localhost:9200/dailynews/_doc/20220329%281%29%282%29%283%29%284%29%285%29%286%29%287%29%288%29%289%29%2810%29%2811%29%2812%29%2813%29%2814%29%2815%29%2816%29%2817%29%2818%29%2819%29%2820%29%2821%29%2822%29%2823%29%2824%29%2825%29%2826%29%2827%29%2828%29%2829%29 [status:201 duration:0.073s]
2022-03-29 17:55:35,586- perform_request - 336 - elastic_transport.transport - INFO - PUT https://localhost:9200/dailynews/_doc/20220329%281%29%282%29%283%29%284%29%285%29%286%29%287%29%288%29%289%29%2810%29%2811%29%2812%29%2813%29%2814%29%2815%29%2816%29%2817%29%2818%29%2819%29%2820%29%2821%29%2822%29%2823%29%2824%29%2825%29%2826%29%2827%29%2828%29%2829%29%2830%29 [status:201 duration:0.075s]
2022-03-29 17:55:35,678- perform_request - 336 - elastic_transport.transport - INFO - PUT https://localhost:9200/dailynews/_doc/20220329%281%29%282%29%283%29%284%29%285%29%286%29%287%29%288%29%289%29%2810%29%2811%29%2812%29%2813%29%2814%29%2815%29%2816%29%2817%29%2818%29%2819%29%2820%29%2821%29%2822%29%2823%29%2824%29%2825%29%2826%29%2827%29%2828%29%2829%29%2830%29%2831%29 [status:201 duration:0.076s]
2022-03-29 17:55:35,770- perform_request - 336 - elastic_transport.transport - INFO - PUT https://localhost:9200/dailynews/_doc/20220329%281%29%282%29%283%29%284%29%285%29%286%29%287%29%288%29%289%29%2810%29%2811%29%2812%29%2813%29%2814%29%2815%29%2816%29%2817%29%2818%29%2819%29%2820%29%2821%29%2822%29%2823%29%2824%29%2825%29%2826%29%2827%29%2828%29%2829%29%2830%29%2831%29%2832%29 [status:201 duration:0.071s]
2022-03-29 17:55:35,912- perform_request - 336 - elastic_transport.transport - INFO - PUT https://localhost:9200/dailynews/_doc/20220329%281%29%282%29%283%29%284%29%285%29%286%29%287%29%288%29%289%29%2810%29%2811%29%2812%29%2813%29%2814%29%2815%29%2816%29%2817%29%2818%29%2819%29%2820%29%2821%29%2822%29%2823%29%2824%29%2825%29%2826%29%2827%29%2828%29%2829%29%2830%29%2831%29%2832%29%2833%29 [status:201 duration:0.120s]
2022-03-29 17:55:36,045- perform_request - 336 - elastic_transport.transport - INFO - PUT https://localhost:9200/dailynews/_doc/20220329%281%29%282%29%283%29%284%29%285%29%286%29%287%29%288%29%289%29%2810%29%2811%29%2812%29%2813%29%2814%29%2815%29%2816%29%2817%29%2818%29%2819%29%2820%29%2821%29%2822%29%2823%29%2824%29%2825%29%2826%29%2827%29%2828%29%2829%29%2830%29%2831%29%2832%29%2833%29%2834%29 [status:201 duration:0.115s]
2022-03-29 17:55:36,178- perform_request - 336 - elastic_transport.transport - INFO - PUT https://localhost:9200/dailynews/_doc/20220329%281%29%282%29%283%29%284%29%285%29%286%29%287%29%288%29%289%29%2810%29%2811%29%2812%29%2813%29%2814%29%2815%29%2816%29%2817%29%2818%29%2819%29%2820%29%2821%29%2822%29%2823%29%2824%29%2825%29%2826%29%2827%29%2828%29%2829%29%2830%29%2831%29%2832%29%2833%29%2834%29%2835%29 [status:201 duration:0.118s]
2022-03-29 17:55:36,320- perform_request - 336 - elastic_transport.transport - INFO - PUT https://localhost:9200/dailynews/_doc/20220329%281%29%282%29%283%29%284%29%285%29%286%29%287%29%288%29%289%29%2810%29%2811%29%2812%29%2813%29%2814%29%2815%29%2816%29%2817%29%2818%29%2819%29%2820%29%2821%29%2822%29%2823%29%2824%29%2825%29%2826%29%2827%29%2828%29%2829%29%2830%29%2831%29%2832%29%2833%29%2834%29%2835%29%2836%29 [status:201 duration:0.122s]
2022-03-29 17:55:36,462- perform_request - 336 - elastic_transport.transport - INFO - PUT https://localhost:9200/dailynews/_doc/20220329%281%29%282%29%283%29%284%29%285%29%286%29%287%29%288%29%289%29%2810%29%2811%29%2812%29%2813%29%2814%29%2815%29%2816%29%2817%29%2818%29%2819%29%2820%29%2821%29%2822%29%2823%29%2824%29%2825%29%2826%29%2827%29%2828%29%2829%29%2830%29%2831%29%2832%29%2833%29%2834%29%2835%29%2836%29%2837%29 [status:201 duration:0.126s]
2022-03-29 17:55:36,604- perform_request - 336 - elastic_transport.transport - INFO - PUT https://localhost:9200/dailynews/_doc/20220329%281%29%282%29%283%29%284%29%285%29%286%29%287%29%288%29%289%29%2810%29%2811%29%2812%29%2813%29%2814%29%2815%29%2816%29%2817%29%2818%29%2819%29%2820%29%2821%29%2822%29%2823%29%2824%29%2825%29%2826%29%2827%29%2828%29%2829%29%2830%29%2831%29%2832%29%2833%29%2834%29%2835%29%2836%29%2837%29%2838%29 [status:201 duration:0.123s]
2022-03-29 17:55:36,737- perform_request - 336 - elastic_transport.transport - INFO - PUT https://localhost:9200/dailynews/_doc/20220329%281%29%282%29%283%29%284%29%285%29%286%29%287%29%288%29%289%29%2810%29%2811%29%2812%29%2813%29%2814%29%2815%29%2816%29%2817%29%2818%29%2819%29%2820%29%2821%29%2822%29%2823%29%2824%29%2825%29%2826%29%2827%29%2828%29%2829%29%2830%29%2831%29%2832%29%2833%29%2834%29%2835%29%2836%29%2837%29%2838%29%2839%29 [status:201 duration:0.117s]
2022-03-29 17:55:36,890- perform_request - 336 - elastic_transport.transport - INFO - PUT https://localhost:9200/dailynews/_doc/20220329%281%29%282%29%283%29%284%29%285%29%286%29%287%29%288%29%289%29%2810%29%2811%29%2812%29%2813%29%2814%29%2815%29%2816%29%2817%29%2818%29%2819%29%2820%29%2821%29%2822%29%2823%29%2824%29%2825%29%2826%29%2827%29%2828%29%2829%29%2830%29%2831%29%2832%29%2833%29%2834%29%2835%29%2836%29%2837%29%2838%29%2839%29%2840%29 [status:201 duration:0.138s]
2022-03-29 17:55:37,040- perform_request - 336 - elastic_transport.transport - INFO - PUT https://localhost:9200/dailynews/_doc/20220329%281%29%282%29%283%29%284%29%285%29%286%29%287%29%288%29%289%29%2810%29%2811%29%2812%29%2813%29%2814%29%2815%29%2816%29%2817%29%2818%29%2819%29%2820%29%2821%29%2822%29%2823%29%2824%29%2825%29%2826%29%2827%29%2828%29%2829%29%2830%29%2831%29%2832%29%2833%29%2834%29%2835%29%2836%29%2837%29%2838%29%2839%29%2840%29%2841%29 [status:201 duration:0.132s]
2022-03-29 17:55:37,190- perform_request - 336 - elastic_transport.transport - INFO - PUT https://localhost:9200/dailynews/_doc/20220329%281%29%282%29%283%29%284%29%285%29%286%29%287%29%288%29%289%29%2810%29%2811%29%2812%29%2813%29%2814%29%2815%29%2816%29%2817%29%2818%29%2819%29%2820%29%2821%29%2822%29%2823%29%2824%29%2825%29%2826%29%2827%29%2828%29%2829%29%2830%29%2831%29%2832%29%2833%29%2834%29%2835%29%2836%29%2837%29%2838%29%2839%29%2840%29%2841%29%2842%29 [status:201 duration:0.129s]
2022-03-29 17:55:37,353- perform_request - 336 - elastic_transport.transport - INFO - PUT https://localhost:9200/dailynews/_doc/20220329%281%29%282%29%283%29%284%29%285%29%286%29%287%29%288%29%289%29%2810%29%2811%29%2812%29%2813%29%2814%29%2815%29%2816%29%2817%29%2818%29%2819%29%2820%29%2821%29%2822%29%2823%29%2824%29%2825%29%2826%29%2827%29%2828%29%2829%29%2830%29%2831%29%2832%29%2833%29%2834%29%2835%29%2836%29%2837%29%2838%29%2839%29%2840%29%2841%29%2842%29%2843%29 [status:201 duration:0.145s]
2022-03-29 17:55:37,515- perform_request - 336 - elastic_transport.transport - INFO - PUT https://localhost:9200/dailynews/_doc/20220329%281%29%282%29%283%29%284%29%285%29%286%29%287%29%288%29%289%29%2810%29%2811%29%2812%29%2813%29%2814%29%2815%29%2816%29%2817%29%2818%29%2819%29%2820%29%2821%29%2822%29%2823%29%2824%29%2825%29%2826%29%2827%29%2828%29%2829%29%2830%29%2831%29%2832%29%2833%29%2834%29%2835%29%2836%29%2837%29%2838%29%2839%29%2840%29%2841%29%2842%29%2843%29%2844%29 [status:201 duration:0.145s]
2022-03-29 17:55:39,562- <module> - 41 - root - INFO - end news work
2022-03-29 17:56:23,742- <module> - 39 - root - INFO - start news work
2022-03-29 17:56:29,976- perform_request - 336 - elastic_transport.transport - INFO - PUT https://localhost:9200/dailynews/_doc/20220329%281%29 [status:201 duration:3.053s]
2022-03-29 17:56:30,146- perform_request - 336 - elastic_transport.transport - INFO - PUT https://localhost:9200/dailynews/_doc/20220329%282%29 [status:201 duration:0.145s]
2022-03-29 17:56:30,243- perform_request - 336 - elastic_transport.transport - INFO - PUT https://localhost:9200/dailynews/_doc/20220329%283%29 [status:201 duration:0.076s]
2022-03-29 17:56:30,329- perform_request - 336 - elastic_transport.transport - INFO - PUT https://localhost:9200/dailynews/_doc/20220329%284%29 [status:201 duration:0.069s]
2022-03-29 17:56:30,426- perform_request - 336 - elastic_transport.transport - INFO - PUT https://localhost:9200/dailynews/_doc/20220329%285%29 [status:201 duration:0.078s]
2022-03-29 17:56:30,662- perform_request - 336 - elastic_transport.transport - INFO - PUT https://localhost:9200/dailynews/_doc/20220329%286%29 [status:201 duration:0.213s]
2022-03-29 17:56:30,754- perform_request - 336 - elastic_transport.transport - INFO - PUT https://localhost:9200/dailynews/_doc/20220329%287%29 [status:201 duration:0.072s]
2022-03-29 17:56:30,854- perform_request - 336 - elastic_transport.transport - INFO - PUT https://localhost:9200/dailynews/_doc/20220329%288%29 [status:201 duration:0.076s]
2022-03-29 17:56:30,945- perform_request - 336 - elastic_transport.transport - INFO - PUT https://localhost:9200/dailynews/_doc/20220329%289%29 [status:201 duration:0.071s]
2022-03-29 17:56:31,037- perform_request - 336 - elastic_transport.transport - INFO - PUT https://localhost:9200/dailynews/_doc/20220329%2810%29 [status:201 duration:0.073s]
2022-03-29 17:56:31,129- perform_request - 336 - elastic_transport.transport - INFO - PUT https://localhost:9200/dailynews/_doc/20220329%2811%29 [status:201 duration:0.076s]
2022-03-29 17:56:31,220- perform_request - 336 - elastic_transport.transport - INFO - PUT https://localhost:9200/dailynews/_doc/20220329%2812%29 [status:201 duration:0.068s]
2022-03-29 17:56:31,349- perform_request - 336 - elastic_transport.transport - INFO - PUT https://localhost:9200/dailynews/_doc/20220329%2813%29 [status:201 duration:0.105s]
2022-03-29 17:56:31,469- perform_request - 336 - elastic_transport.transport - INFO - PUT https://localhost:9200/dailynews/_doc/20220329%2814%29 [status:201 duration:0.105s]
2022-03-29 17:56:31,562- perform_request - 336 - elastic_transport.transport - INFO - PUT https://localhost:9200/dailynews/_doc/20220329%2815%29 [status:201 duration:0.074s]
2022-03-29 17:56:31,667- perform_request - 336 - elastic_transport.transport - INFO - PUT https://localhost:9200/dailynews/_doc/20220329%2816%29 [status:201 duration:0.086s]
2022-03-29 17:56:31,759- perform_request - 336 - elastic_transport.transport - INFO - PUT https://localhost:9200/dailynews/_doc/20220329%2817%29 [status:201 duration:0.074s]
2022-03-29 17:56:31,860- perform_request - 336 - elastic_transport.transport - INFO - PUT https://localhost:9200/dailynews/_doc/20220329%2818%29 [status:201 duration:0.077s]
2022-03-29 17:56:31,951- perform_request - 336 - elastic_transport.transport - INFO - PUT https://localhost:9200/dailynews/_doc/20220329%2819%29 [status:201 duration:0.071s]
2022-03-29 17:56:32,042- perform_request - 336 - elastic_transport.transport - INFO - PUT https://localhost:9200/dailynews/_doc/20220329%2820%29 [status:201 duration:0.072s]
2022-03-29 17:56:32,134- perform_request - 336 - elastic_transport.transport - INFO - PUT https://localhost:9200/dailynews/_doc/20220329%2821%29 [status:201 duration:0.074s]
2022-03-29 17:56:32,234- perform_request - 336 - elastic_transport.transport - INFO - PUT https://localhost:9200/dailynews/_doc/20220329%2822%29 [status:201 duration:0.077s]
2022-03-29 17:56:32,326- perform_request - 336 - elastic_transport.transport - INFO - PUT https://localhost:9200/dailynews/_doc/20220329%2823%29 [status:201 duration:0.072s]
2022-03-29 17:56:32,418- perform_request - 336 - elastic_transport.transport - INFO - PUT https://localhost:9200/dailynews/_doc/20220329%2824%29 [status:201 duration:0.073s]
2022-03-29 17:56:32,509- perform_request - 336 - elastic_transport.transport - INFO - PUT https://localhost:9200/dailynews/_doc/20220329%2825%29 [status:201 duration:0.071s]
2022-03-29 17:56:32,609- perform_request - 336 - elastic_transport.transport - INFO - PUT https://localhost:9200/dailynews/_doc/20220329%2826%29 [status:201 duration:0.079s]
2022-03-29 17:56:32,775- perform_request - 336 - elastic_transport.transport - INFO - PUT https://localhost:9200/dailynews/_doc/20220329%2827%29 [status:201 duration:0.150s]
2022-03-29 17:56:32,867- perform_request - 336 - elastic_transport.transport - INFO - PUT https://localhost:9200/dailynews/_doc/20220329%2828%29 [status:201 duration:0.077s]
2022-03-29 17:56:32,958- perform_request - 336 - elastic_transport.transport - INFO - PUT https://localhost:9200/dailynews/_doc/20220329%2829%29 [status:201 duration:0.075s]
2022-03-29 17:56:33,050- perform_request - 336 - elastic_transport.transport - INFO - PUT https://localhost:9200/dailynews/_doc/20220329%2830%29 [status:201 duration:0.076s]
2022-03-29 17:56:33,142- perform_request - 336 - elastic_transport.transport - INFO - PUT https://localhost:9200/dailynews/_doc/20220329%2831%29 [status:201 duration:0.078s]
2022-03-29 17:56:33,234- perform_request - 336 - elastic_transport.transport - INFO - PUT https://localhost:9200/dailynews/_doc/20220329%2832%29 [status:201 duration:0.072s]
2022-03-29 17:56:33,325- perform_request - 336 - elastic_transport.transport - INFO - PUT https://localhost:9200/dailynews/_doc/20220329%2833%29 [status:201 duration:0.076s]
2022-03-29 17:56:33,433- perform_request - 336 - elastic_transport.transport - INFO - PUT https://localhost:9200/dailynews/_doc/20220329%2834%29 [status:201 duration:0.089s]
2022-03-29 17:56:33,526- perform_request - 336 - elastic_transport.transport - INFO - PUT https://localhost:9200/dailynews/_doc/20220329%2835%29 [status:201 duration:0.075s]
2022-03-29 17:56:33,618- perform_request - 336 - elastic_transport.transport - INFO - PUT https://localhost:9200/dailynews/_doc/20220329%2836%29 [status:201 duration:0.073s]
2022-03-29 17:56:33,709- perform_request - 336 - elastic_transport.transport - INFO - PUT https://localhost:9200/dailynews/_doc/20220329%2837%29 [status:201 duration:0.074s]
2022-03-29 17:56:33,809- perform_request - 336 - elastic_transport.transport - INFO - PUT https://localhost:9200/dailynews/_doc/20220329%2838%29 [status:201 duration:0.076s]
2022-03-29 17:56:33,900- perform_request - 336 - elastic_transport.transport - INFO - PUT https://localhost:9200/dailynews/_doc/20220329%2839%29 [status:201 duration:0.072s]
2022-03-29 17:56:34,042- perform_request - 336 - elastic_transport.transport - INFO - PUT https://localhost:9200/dailynews/_doc/20220329%2840%29 [status:201 duration:0.123s]
2022-03-29 17:56:34,178- perform_request - 336 - elastic_transport.transport - INFO - PUT https://localhost:9200/dailynews/_doc/20220329%2841%29 [status:201 duration:0.117s]
2022-03-29 17:56:34,276- perform_request - 336 - elastic_transport.transport - INFO - PUT https://localhost:9200/dailynews/_doc/20220329%2842%29 [status:201 duration:0.078s]
2022-03-29 17:56:34,367- perform_request - 336 - elastic_transport.transport - INFO - PUT https://localhost:9200/dailynews/_doc/20220329%2843%29 [status:201 duration:0.075s]
2022-03-29 17:56:34,478- perform_request - 336 - elastic_transport.transport - INFO - PUT https://localhost:9200/dailynews/_doc/20220329%2844%29 [status:201 duration:0.094s]
2022-03-29 17:56:36,530- <module> - 41 - root - INFO - end news work
2022-03-30 16:14:04,469- <module> - 49 - root - INFO - start news work
2022-03-30 16:16:30,739- <module> - 49 - root - INFO - start news work
2022-03-30 16:16:38,005- perform_request - 336 - elastic_transport.transport - INFO - PUT https://localhost:9200/dailynews/_doc/20220330%281%29 [status:201 duration:0.208s]
2022-03-30 16:16:38,164- perform_request - 336 - elastic_transport.transport - INFO - PUT https://localhost:9200/dailynews/_doc/20220330%282%29 [status:201 duration:0.130s]
2022-03-30 16:16:38,258- perform_request - 336 - elastic_transport.transport - INFO - PUT https://localhost:9200/dailynews/_doc/20220330%283%29 [status:201 duration:0.070s]
2022-03-30 16:16:38,391- perform_request - 336 - elastic_transport.transport - INFO - PUT https://localhost:9200/dailynews/_doc/20220330%284%29 [status:201 duration:0.111s]
2022-03-30 16:16:38,505- perform_request - 336 - elastic_transport.transport - INFO - PUT https://localhost:9200/dailynews/_doc/20220330%285%29 [status:201 duration:0.091s]
2022-03-30 16:16:38,625- perform_request - 336 - elastic_transport.transport - INFO - PUT https://localhost:9200/dailynews/_doc/20220330%286%29 [status:201 duration:0.104s]
2022-03-30 16:16:38,797- perform_request - 336 - elastic_transport.transport - INFO - PUT https://localhost:9200/dailynews/_doc/20220330%287%29 [status:201 duration:0.145s]
2022-03-30 16:16:38,917- perform_request - 336 - elastic_transport.transport - INFO - PUT https://localhost:9200/dailynews/_doc/20220330%288%29 [status:201 duration:0.099s]
2022-03-30 16:16:39,017- perform_request - 336 - elastic_transport.transport - INFO - PUT https://localhost:9200/dailynews/_doc/20220330%289%29 [status:201 duration:0.078s]
2022-03-30 16:16:39,126- perform_request - 336 - elastic_transport.transport - INFO - PUT https://localhost:9200/dailynews/_doc/20220330%2810%29 [status:201 duration:0.084s]
2022-03-30 16:16:39,225- perform_request - 336 - elastic_transport.transport - INFO - PUT https://localhost:9200/dailynews/_doc/20220330%2811%29 [status:201 duration:0.077s]
2022-03-30 16:16:39,339- perform_request - 336 - elastic_transport.transport - INFO - PUT https://localhost:9200/dailynews/_doc/20220330%2812%29 [status:201 duration:0.091s]
2022-03-30 16:16:39,439- perform_request - 336 - elastic_transport.transport - INFO - PUT https://localhost:9200/dailynews/_doc/20220330%2813%29 [status:201 duration:0.075s]
2022-03-30 16:16:39,539- perform_request - 336 - elastic_transport.transport - INFO - PUT https://localhost:9200/dailynews/_doc/20220330%2814%29 [status:201 duration:0.077s]
2022-03-30 16:16:39,756- perform_request - 336 - elastic_transport.transport - INFO - PUT https://localhost:9200/dailynews/_doc/20220330%2815%29 [status:201 duration:0.193s]
2022-03-30 16:16:39,905- perform_request - 336 - elastic_transport.transport - INFO - PUT https://localhost:9200/dailynews/_doc/20220330%2816%29 [status:201 duration:0.128s]
2022-03-30 16:16:40,006- perform_request - 336 - elastic_transport.transport - INFO - PUT https://localhost:9200/dailynews/_doc/20220330%2817%29 [status:201 duration:0.081s]
2022-03-30 16:16:40,097- perform_request - 336 - elastic_transport.transport - INFO - PUT https://localhost:9200/dailynews/_doc/20220330%2818%29 [status:201 duration:0.076s]
2022-03-30 16:16:40,197- perform_request - 336 - elastic_transport.transport - INFO - PUT https://localhost:9200/dailynews/_doc/20220330%2819%29 [status:201 duration:0.081s]
2022-03-30 16:16:40,298- perform_request - 336 - elastic_transport.transport - INFO - PUT https://localhost:9200/dailynews/_doc/20220330%2820%29 [status:201 duration:0.075s]
2022-03-30 16:16:40,397- perform_request - 336 - elastic_transport.transport - INFO - PUT https://localhost:9200/dailynews/_doc/20220330%2821%29 [status:201 duration:0.079s]
2022-03-30 16:16:40,497- perform_request - 336 - elastic_transport.transport - INFO - PUT https://localhost:9200/dailynews/_doc/20220330%2822%29 [status:201 duration:0.077s]
2022-03-30 16:16:40,614- perform_request - 336 - elastic_transport.transport - INFO - PUT https://localhost:9200/dailynews/_doc/20220330%2823%29 [status:201 duration:0.092s]
2022-03-30 16:16:40,714- perform_request - 336 - elastic_transport.transport - INFO - PUT https://localhost:9200/dailynews/_doc/20220330%2824%29 [status:201 duration:0.074s]
2022-03-30 16:16:40,814- perform_request - 336 - elastic_transport.transport - INFO - PUT https://localhost:9200/dailynews/_doc/20220330%2825%29 [status:201 duration:0.079s]
2022-03-30 16:16:40,914- perform_request - 336 - elastic_transport.transport - INFO - PUT https://localhost:9200/dailynews/_doc/20220330%2826%29 [status:201 duration:0.076s]
2022-03-30 16:16:41,014- perform_request - 336 - elastic_transport.transport - INFO - PUT https://localhost:9200/dailynews/_doc/20220330%2827%29 [status:201 duration:0.076s]
2022-03-30 16:16:41,122- perform_request - 336 - elastic_transport.transport - INFO - PUT https://localhost:9200/dailynews/_doc/20220330%2828%29 [status:201 duration:0.087s]
2022-03-30 16:16:41,223- perform_request - 336 - elastic_transport.transport - INFO - PUT https://localhost:9200/dailynews/_doc/20220330%2829%29 [status:201 duration:0.077s]
2022-03-30 16:16:41,322- perform_request - 336 - elastic_transport.transport - INFO - PUT https://localhost:9200/dailynews/_doc/20220330%2830%29 [status:201 duration:0.077s]
2022-03-30 16:16:41,422- perform_request - 336 - elastic_transport.transport - INFO - PUT https://localhost:9200/dailynews/_doc/20220330%2831%29 [status:201 duration:0.076s]
2022-03-30 16:16:41,522- perform_request - 336 - elastic_transport.transport - INFO - PUT https://localhost:9200/dailynews/_doc/20220330%2832%29 [status:201 duration:0.079s]
2022-03-30 16:16:41,631- perform_request - 336 - elastic_transport.transport - INFO - PUT https://localhost:9200/dailynews/_doc/20220330%2833%29 [status:201 duration:0.085s]
2022-03-30 16:16:41,748- perform_request - 336 - elastic_transport.transport - INFO - PUT https://localhost:9200/dailynews/_doc/20220330%2834%29 [status:201 duration:0.097s]
2022-03-30 16:16:41,898- perform_request - 336 - elastic_transport.transport - INFO - PUT https://localhost:9200/dailynews/_doc/20220330%2835%29 [status:201 duration:0.129s]
2022-03-30 16:16:42,009- perform_request - 336 - elastic_transport.transport - INFO - PUT https://localhost:9200/dailynews/_doc/20220330%2836%29 [status:201 duration:0.089s]
2022-03-30 16:16:42,114- perform_request - 336 - elastic_transport.transport - INFO - PUT https://localhost:9200/dailynews/_doc/20220330%2837%29 [status:201 duration:0.081s]
2022-03-30 16:16:42,209- perform_request - 336 - elastic_transport.transport - INFO - PUT https://localhost:9200/dailynews/_doc/20220330%2838%29 [status:201 duration:0.069s]
2022-03-30 16:16:42,314- perform_request - 336 - elastic_transport.transport - INFO - PUT https://localhost:9200/dailynews/_doc/20220330%2839%29 [status:201 duration:0.083s]
2022-03-30 16:16:42,401- perform_request - 336 - elastic_transport.transport - INFO - PUT https://localhost:9200/dailynews/_doc/20220330%2840%29 [status:201 duration:0.070s]
2022-03-30 16:16:42,546- perform_request - 336 - elastic_transport.transport - INFO - PUT https://localhost:9200/dailynews/_doc/20220330%2841%29 [status:201 duration:0.120s]
2022-03-30 16:16:42,717- perform_request - 336 - elastic_transport.transport - INFO - PUT https://localhost:9200/dailynews/_doc/20220330%2842%29 [status:201 duration:0.148s]
2022-03-30 16:16:42,822- perform_request - 336 - elastic_transport.transport - INFO - PUT https://localhost:9200/dailynews/_doc/20220330%2843%29 [status:201 duration:0.081s]
2022-03-30 16:16:42,916- perform_request - 336 - elastic_transport.transport - INFO - PUT https://localhost:9200/dailynews/_doc/20220330%2844%29 [status:201 duration:0.069s]
2022-03-30 16:16:45,023- <module> - 51 - root - INFO - end news work
2022-03-30 16:26:42,472- <module> - 53 - root - INFO - start news work
2022-03-30 16:28:33,798- <module> - 54 - root - INFO - start news work
2022-03-30 16:28:43,286- <module> - 56 - root - INFO - end news work
2022-03-30 16:29:41,940- <module> - 54 - root - INFO - start news work
2022-03-30 16:31:20,639- <module> - 54 - root - INFO - start news work
2022-03-30 16:31:38,906- <module> - 54 - root - INFO - start news work
2022-03-30 16:31:49,270- <module> - 56 - root - INFO - end news work
2022-03-30 16:34:16,166- <module> - 54 - root - INFO - start news work
2022-03-30 16:34:25,398- <module> - 56 - root - INFO - end news work
